<!DOCTYPE html PUBLIC "-//W3C//DTD XHTML 1.1//EN" "http://www.w3.org/TR/xhtml11/DTD/xhtml11.dtd">
<html xmlns="http://www.w3.org/1999/xhtml"><head><title>TestNG Report</title><style type="text/css">table {margin-bottom:10px;border-collapse:collapse;empty-cells:show}th,td {border:1px solid #009;padding:.25em .5em}th {vertical-align:bottom}td {vertical-align:top}table a {font-weight:bold}.stripe td {background-color: #E6EBF9}.num {text-align:right}.passedodd td {background-color: #3F3}.passedeven td {background-color: #0A0}.skippedodd td {background-color: #DDD}.skippedeven td {background-color: #CCC}.failedodd td,.attn {background-color: #F33}.failedeven td,.stripe .attn {background-color: #D00}.stacktrace {white-space:pre;font-family:monospace}.totop {font-size:85%;text-align:center;border-bottom:2px solid #000}</style></head><body><table><tr><th>Test</th><th># Passed</th><th># Skipped</th><th># Failed</th><th>Time (ms)</th><th>Included Groups</th><th>Excluded Groups</th></tr><tr><th colspan="7">FirstTestSuite</th></tr><tr><td><a href="#t0">SmokeTest</a></td><td class="num">1</td><td class="num">0</td><td class="num attn">1</td><td class="num">53 367</td><td></td><td></td></tr></table><table><thead><tr><th>Class</th><th>Method</th><th>Start</th><th>Time (ms)</th></tr></thead><tbody><tr><th colspan="4">FirstTestSuite</th></tr></tbody><tbody id="t0"><tr><th colspan="4">SmokeTest &#8212; failed</th></tr><tr class="failedeven"><td rowspan="1">ui_tests.NotebookComparisonTest</td><td><a href="#m0">VerifyingComparisonFunctionality</a></td><td rowspan="1">1415888728340</td><td rowspan="1">39501</td></tr><tr><th colspan="4">SmokeTest &#8212; passed</th></tr><tr class="passedeven"><td rowspan="1">ui_tests.NotebookComparisonTest</td><td><a href="#m1">setUpPreconditions</a></td><td rowspan="1">1415888714612</td><td rowspan="1">13719</td></tr></tbody></table><h2>SmokeTest</h2><h3 id="m0">ui_tests.NotebookComparisonTest#VerifyingComparisonFunctionality</h3><table class="result"><tr><th>Messages</th></tr><tr><td><div class="messages">INFO: &quot;Search product Apple MacBook Air 11&quot; (MD712UA/A) Официальная гарантия!&quot;<br/>INFO: &quot;Verify product link&quot;</div></td></tr><tr><th>Exception</th></tr><tr><td><div class="stacktrace">org.openqa.selenium.NoSuchElementException: Unable to locate element: {&quot;method&quot;:&quot;xpath&quot;,&quot;selector&quot;:&quot;//*[@class=&apos;g-i-list-title&apos;]/a[@href=&apos;http://rozetka.com.ua/samsung_galaxy_s5_black/p527125/&apos;]&quot;}
Command duration or timeout: 35.14 seconds
For documentation on this error, please visit: http://seleniumhq.org/exceptions/no_such_element.html
Build info: version: &apos;2.44.0&apos;, revision: &apos;76d78cf323ce037c5f92db6c1bba601c2ac43ad8&apos;, time: &apos;2014-10-23 13:11:40&apos;
System info: host: &apos;KT-PC&apos;, ip: &apos;10.17.164.165&apos;, os.name: &apos;Windows 7&apos;, os.arch: &apos;amd64&apos;, os.version: &apos;6.1&apos;, java.version: &apos;1.7.0_55&apos;
Session ID: 09f04bea-fd7e-4be3-b9a2-3b09c3ea397e
Driver info: org.openqa.selenium.firefox.FirefoxDriver
Capabilities [{platform=WINDOWS, acceptSslCerts=true, javascriptEnabled=true, cssSelectorsEnabled=true, databaseEnabled=true, browserName=firefox, handlesAlerts=true, nativeEvents=true, webStorageEnabled=true, rotatable=false, locationContextEnabled=true, applicationCacheEnabled=true, takesScreenshot=true, version=33.1}]
	at org.openqa.selenium.remote.ErrorHandler.createThrowable(ErrorHandler.java:204)
	at org.openqa.selenium.remote.ErrorHandler.throwIfResponseFailed(ErrorHandler.java:156)
	at org.openqa.selenium.remote.RemoteWebDriver.execute(RemoteWebDriver.java:599)
	at org.openqa.selenium.remote.RemoteWebDriver.findElement(RemoteWebDriver.java:352)
	at org.openqa.selenium.remote.RemoteWebDriver.findElementByXPath(RemoteWebDriver.java:449)
	at org.openqa.selenium.By$ByXPath.findElement(By.java:357)
	at org.openqa.selenium.remote.RemoteWebDriver.findElement(RemoteWebDriver.java:344)
	at pages.ResultPage.verifyProductLink(ResultPage.java:24)
	at ui_tests.NotebookComparisonTest.VerifyingComparisonFunctionality(NotebookComparisonTest.java:35)
Caused by: org.openqa.selenium.NoSuchElementException: Unable to locate element: {&quot;method&quot;:&quot;xpath&quot;,&quot;selector&quot;:&quot;//*[@class=&apos;g-i-list-title&apos;]/a[@href=&apos;http://rozetka.com.ua/samsung_galaxy_s5_black/p527125/&apos;]&quot;}
For documentation on this error, please visit: http://seleniumhq.org/exceptions/no_such_element.html
Build info: version: &apos;2.44.0&apos;, revision: &apos;76d78cf323ce037c5f92db6c1bba601c2ac43ad8&apos;, time: &apos;2014-10-23 13:11:40&apos;
System info: host: &apos;KT-PC&apos;, ip: &apos;10.17.164.165&apos;, os.name: &apos;Windows 7&apos;, os.arch: &apos;amd64&apos;, os.version: &apos;6.1&apos;, java.version: &apos;1.7.0_55&apos;
Driver info: driver.version: unknown
	at &lt;anonymous class&gt;.FirefoxDriver.prototype.findElementInternal_(file:///C:/Users/836D~1/AppData/Local/Temp/anonymous5448615776160465381webdriver-profile/extensions/fxdriver@googlecode.com/components/driver-component.js:9641:26)
	at &lt;anonymous class&gt;.fxdriver.Timer.prototype.setTimeout/&lt;.notify(file:///C:/Users/836D~1/AppData/Local/Temp/anonymous5448615776160465381webdriver-profile/extensions/fxdriver@googlecode.com/components/driver-component.js:548:5)
... Removed 31 stack frames</div></td></tr></table><p class="totop"><a href="#summary">back to summary</a></p><h3 id="m1">ui_tests.NotebookComparisonTest#setUpPreconditions</h3><table class="result"><tr><th>Messages</th></tr><tr><td><div class="messages">INFO: &quot;Open WebUrl http://rozetka.com.ua/&quot;</div></td></tr></table><p class="totop"><a href="#summary">back to summary</a></p></body></html>