<?xml version="1.0" encoding="UTF-8"?>
<testng-results skipped="0" failed="1" total="2" passed="1">
  <reporter-output>
    <line>
      <![CDATA[INFO: "Open WebUrl http://rozetka.com.ua/"]]>
    </line>
    <line>
      <![CDATA[INFO: "Search product Apple MacBook Air 11" (MD712UA/A) ќфициальна€ гаранти€!"]]>
    </line>
    <line>
      <![CDATA[INFO: "Verify product link"]]>
    </line>
  </reporter-output>
  <suite name="FirstTestSuite" duration-ms="53367" started-at="2014-11-13T14:25:14Z" finished-at="2014-11-13T14:26:07Z">
    <groups>
    </groups>
    <test name="SmokeTest" duration-ms="53367" started-at="2014-11-13T14:25:14Z" finished-at="2014-11-13T14:26:07Z">
      <class name="ui_tests.NotebookComparisonTest">
        <test-method status="PASS" signature="setUp()[pri:0, instance:ui_tests.NotebookComparisonTest@6e1513f3]" name="setUp" is-config="true" duration-ms="30597" started-at="2014-11-13T16:24:43Z" finished-at="2014-11-13T16:25:14Z">
          <reporter-output>
          </reporter-output>
        </test-method> <!-- setUp -->
        <test-method status="PASS" signature="setUpPreconditions()[pri:0, instance:ui_tests.NotebookComparisonTest@6e1513f3]" name="setUpPreconditions" duration-ms="13719" started-at="2014-11-13T16:25:14Z" finished-at="2014-11-13T16:25:28Z">
          <reporter-output>
            <line>
              <![CDATA[INFO: "Open WebUrl http://rozetka.com.ua/"]]>
            </line>
          </reporter-output>
        </test-method> <!-- setUpPreconditions -->
        <test-method status="FAIL" signature="VerifyingComparisonFunctionality()[pri:0, instance:ui_tests.NotebookComparisonTest@6e1513f3]" name="VerifyingComparisonFunctionality" duration-ms="39501" started-at="2014-11-13T16:25:28Z" depends-on-methods="ui_tests.NotebookComparisonTest.setUpPreconditions" finished-at="2014-11-13T16:26:07Z">
          <exception class="org.openqa.selenium.NoSuchElementException">
            <message>
              <![CDATA[Unable to locate element: {"method":"xpath","selector":"//*[@class='g-i-list-title']/a[@href='http://rozetka.com.ua/samsung_galaxy_s5_black/p527125/']"}
Command duration or timeout: 35.14 seconds
For documentation on this error, please visit: http://seleniumhq.org/exceptions/no_such_element.html
Build info: version: '2.44.0', revision: '76d78cf323ce037c5f92db6c1bba601c2ac43ad8', time: '2014-10-23 13:11:40'
System info: host: 'KT-PC', ip: '10.17.164.165', os.name: 'Windows 7', os.arch: 'amd64', os.version: '6.1', java.version: '1.7.0_55'
Session ID: 09f04bea-fd7e-4be3-b9a2-3b09c3ea397e
Driver info: org.openqa.selenium.firefox.FirefoxDriver
Capabilities [{platform=WINDOWS, acceptSslCerts=true, javascriptEnabled=true, cssSelectorsEnabled=true, databaseEnabled=true, browserName=firefox, handlesAlerts=true, nativeEvents=true, webStorageEnabled=true, rotatable=false, locationContextEnabled=true, applicationCacheEnabled=true, takesScreenshot=true, version=33.1}]]]>
            </message>
            <full-stacktrace>
              <![CDATA[org.openqa.selenium.NoSuchElementException: Unable to locate element: {"method":"xpath","selector":"//*[@class='g-i-list-title']/a[@href='http://rozetka.com.ua/samsung_galaxy_s5_black/p527125/']"}
Command duration or timeout: 35.14 seconds
For documentation on this error, please visit: http://seleniumhq.org/exceptions/no_such_element.html
Build info: version: '2.44.0', revision: '76d78cf323ce037c5f92db6c1bba601c2ac43ad8', time: '2014-10-23 13:11:40'
System info: host: 'KT-PC', ip: '10.17.164.165', os.name: 'Windows 7', os.arch: 'amd64', os.version: '6.1', java.version: '1.7.0_55'
Session ID: 09f04bea-fd7e-4be3-b9a2-3b09c3ea397e
Driver info: org.openqa.selenium.firefox.FirefoxDriver
Capabilities [{platform=WINDOWS, acceptSslCerts=true, javascriptEnabled=true, cssSelectorsEnabled=true, databaseEnabled=true, browserName=firefox, handlesAlerts=true, nativeEvents=true, webStorageEnabled=true, rotatable=false, locationContextEnabled=true, applicationCacheEnabled=true, takesScreenshot=true, version=33.1}]
	at sun.reflect.NativeConstructorAccessorImpl.newInstance0(Native Method)
	at sun.reflect.NativeConstructorAccessorImpl.newInstance(NativeConstructorAccessorImpl.java:57)
	at sun.reflect.DelegatingConstructorAccessorImpl.newInstance(DelegatingConstructorAccessorImpl.java:45)
	at java.lang.reflect.Constructor.newInstance(Constructor.java:526)
	at org.openqa.selenium.remote.ErrorHandler.createThrowable(ErrorHandler.java:204)
	at org.openqa.selenium.remote.ErrorHandler.throwIfResponseFailed(ErrorHandler.java:156)
	at org.openqa.selenium.remote.RemoteWebDriver.execute(RemoteWebDriver.java:599)
	at org.openqa.selenium.remote.RemoteWebDriver.findElement(RemoteWebDriver.java:352)
	at org.openqa.selenium.remote.RemoteWebDriver.findElementByXPath(RemoteWebDriver.java:449)
	at org.openqa.selenium.By$ByXPath.findElement(By.java:357)
	at org.openqa.selenium.remote.RemoteWebDriver.findElement(RemoteWebDriver.java:344)
	at pages.ResultPage.verifyProductLink(ResultPage.java:24)
	at ui_tests.NotebookComparisonTest.VerifyingComparisonFunctionality(NotebookComparisonTest.java:35)
	at sun.reflect.NativeMethodAccessorImpl.invoke0(Native Method)
	at sun.reflect.NativeMethodAccessorImpl.invoke(NativeMethodAccessorImpl.java:57)
	at sun.reflect.DelegatingMethodAccessorImpl.invoke(DelegatingMethodAccessorImpl.java:43)
	at java.lang.reflect.Method.invoke(Method.java:606)
	at org.testng.internal.MethodInvocationHelper.invokeMethod(MethodInvocationHelper.java:84)
	at org.testng.internal.Invoker.invokeMethod(Invoker.java:714)
	at org.testng.internal.Invoker.invokeTestMethod(Invoker.java:901)
	at org.testng.internal.Invoker.invokeTestMethods(Invoker.java:1231)
	at org.testng.internal.TestMethodWorker.invokeTestMethods(TestMethodWorker.java:127)
	at org.testng.internal.TestMethodWorker.run(TestMethodWorker.java:111)
	at org.testng.TestRunner.privateRun(TestRunner.java:767)
	at org.testng.TestRunner.run(TestRunner.java:617)
	at org.testng.SuiteRunner.runTest(SuiteRunner.java:348)
	at org.testng.SuiteRunner.runSequentially(SuiteRunner.java:343)
	at org.testng.SuiteRunner.privateRun(SuiteRunner.java:305)
	at org.testng.SuiteRunner.run(SuiteRunner.java:254)
	at org.testng.SuiteRunnerWorker.runSuite(SuiteRunnerWorker.java:52)
	at org.testng.SuiteRunnerWorker.run(SuiteRunnerWorker.java:86)
	at org.testng.TestNG.runSuitesSequentially(TestNG.java:1224)
	at org.testng.TestNG.runSuitesLocally(TestNG.java:1149)
	at org.testng.TestNG.run(TestNG.java:1057)
	at org.apache.maven.surefire.testng.TestNGExecutor.run(TestNGExecutor.java:293)
	at org.apache.maven.surefire.testng.TestNGXmlTestSuite.execute(TestNGXmlTestSuite.java:84)
	at org.apache.maven.surefire.testng.TestNGProvider.invoke(TestNGProvider.java:91)
	at org.apache.maven.surefire.booter.ForkedBooter.invokeProviderInSameClassLoader(ForkedBooter.java:200)
	at org.apache.maven.surefire.booter.ForkedBooter.runSuitesInProcess(ForkedBooter.java:153)
	at org.apache.maven.surefire.booter.ForkedBooter.main(ForkedBooter.java:103)
Caused by: org.openqa.selenium.NoSuchElementException: Unable to locate element: {"method":"xpath","selector":"//*[@class='g-i-list-title']/a[@href='http://rozetka.com.ua/samsung_galaxy_s5_black/p527125/']"}
For documentation on this error, please visit: http://seleniumhq.org/exceptions/no_such_element.html
Build info: version: '2.44.0', revision: '76d78cf323ce037c5f92db6c1bba601c2ac43ad8', time: '2014-10-23 13:11:40'
System info: host: 'KT-PC', ip: '10.17.164.165', os.name: 'Windows 7', os.arch: 'amd64', os.version: '6.1', java.version: '1.7.0_55'
Driver info: driver.version: unknown
	at <anonymous class>.FirefoxDriver.prototype.findElementInternal_(file:///C:/Users/836D~1/AppData/Local/Temp/anonymous5448615776160465381webdriver-profile/extensions/fxdriver@googlecode.com/components/driver-component.js:9641:26)
	at <anonymous class>.fxdriver.Timer.prototype.setTimeout/<.notify(file:///C:/Users/836D~1/AppData/Local/Temp/anonymous5448615776160465381webdriver-profile/extensions/fxdriver@googlecode.com/components/driver-component.js:548:5)
]]>
            </full-stacktrace>
          </exception> <!-- org.openqa.selenium.NoSuchElementException -->
          <reporter-output>
            <line>
              <![CDATA[INFO: "Search product Apple MacBook Air 11" (MD712UA/A) ќфициальна€ гаранти€!"]]>
            </line>
            <line>
              <![CDATA[INFO: "Verify product link"]]>
            </line>
          </reporter-output>
        </test-method> <!-- VerifyingComparisonFunctionality -->
        <test-method status="PASS" signature="tearDown()[pri:0, instance:ui_tests.NotebookComparisonTest@6e1513f3]" name="tearDown" is-config="true" duration-ms="6934" started-at="2014-11-13T16:26:08Z" finished-at="2014-11-13T16:26:15Z">
          <reporter-output>
          </reporter-output>
        </test-method> <!-- tearDown -->
      </class> <!-- ui_tests.NotebookComparisonTest -->
    </test> <!-- SmokeTest -->
  </suite> <!-- FirstTestSuite -->
</testng-results>
